#! /c/Source/iverilog-install/bin/vvp
:ivl_version "12.0 (devel)" "(s20150603-1539-g2693dd32b)";
:ivl_delay_selection "TYPICAL";
:vpi_time_precision + 0;
:vpi_module "C:\iverilog\lib\ivl\system.vpi";
:vpi_module "C:\iverilog\lib\ivl\vhdl_sys.vpi";
:vpi_module "C:\iverilog\lib\ivl\vhdl_textio.vpi";
:vpi_module "C:\iverilog\lib\ivl\v2005_math.vpi";
:vpi_module "C:\iverilog\lib\ivl\va_math.vpi";
S_00000228ed0127f0 .scope module, "pedagio" "pedagio" 2 1;
 .timescale 0 0;
    .port_info 0 /INPUT 1 "E1";
    .port_info 1 /INPUT 1 "E0";
    .port_info 2 /INPUT 4 "P";
    .port_info 3 /OUTPUT 7 "seg";
L_00000228ed03c4c0 .functor AND 1, L_00000228ed095670, L_00000228ed094590, C4<1>, C4<1>;
L_00000228ed03c370 .functor OR 1, L_00000228ed0941d0, L_00000228ed0957b0, C4<0>, C4<0>;
L_00000228ed03c680 .functor AND 1, L_00000228ed03c4c0, L_00000228ed03c370, C4<1>, C4<1>;
L_00000228ed03c060 .functor NOT 1, L_00000228ed094b30, C4<0>, C4<0>, C4<0>;
L_00000228ed03c300 .functor NOT 1, L_00000228ed093ff0, C4<0>, C4<0>, C4<0>;
L_00000228ed03c5a0 .functor OR 1, L_00000228ed03c060, L_00000228ed03c300, C4<0>, C4<0>;
L_00000228ed03c0d0 .functor NOT 1, L_00000228ed095350, C4<0>, C4<0>, C4<0>;
L_00000228ed03c6f0 .functor NOT 1, L_00000228ed093cd0, C4<0>, C4<0>, C4<0>;
L_00000228ed03c1b0 .functor AND 1, L_00000228ed03c0d0, L_00000228ed03c6f0, C4<1>, C4<1>;
L_00000228ed03c140 .functor OR 1, L_00000228ed03c5a0, L_00000228ed03c1b0, C4<0>, C4<0>;
L_00000228ed03c220 .functor NOT 1, L_00000228ed094d10, C4<0>, C4<0>, C4<0>;
o00000228ed047098 .functor BUFZ 1, C4<z>; HiZ drive
L_00000228ed03c290 .functor NOT 1, o00000228ed047098, C4<0>, C4<0>, C4<0>;
L_00000228ed0979f0 .functor AND 1, L_00000228ed03c220, L_00000228ed03c290, C4<1>, C4<1>;
o00000228ed047068 .functor BUFZ 1, C4<z>; HiZ drive
L_00000228ed097ad0 .functor NOT 1, o00000228ed047068, C4<0>, C4<0>, C4<0>;
L_00000228ed097de0 .functor AND 1, L_00000228ed0979f0, L_00000228ed097ad0, C4<1>, C4<1>;
L_00000228ed097520 .functor NOT 1, o00000228ed047098, C4<0>, C4<0>, C4<0>;
L_00000228ed0973d0 .functor AND 1, L_00000228ed03c140, L_00000228ed097520, C4<1>, C4<1>;
L_00000228ed097d70 .functor AND 1, L_00000228ed0973d0, o00000228ed047068, C4<1>, C4<1>;
L_00000228ed097440 .functor AND 1, L_00000228ed03c680, o00000228ed047098, C4<1>, C4<1>;
L_00000228ed097a60 .functor OR 1, L_00000228ed097de0, L_00000228ed097d70, C4<0>, C4<0>;
L_00000228ed097b40 .functor OR 1, L_00000228ed097a60, L_00000228ed097440, C4<0>, C4<0>;
L_00000228ed097830 .functor NOT 1, L_00000228ed097b40, C4<0>, C4<0>, C4<0>;
v00000228ed036bb0_0 .net "C1", 0 0, L_00000228ed097de0;  1 drivers
v00000228ed036390_0 .net "C2", 0 0, L_00000228ed097d70;  1 drivers
v00000228ed0366b0_0 .net "C3", 0 0, L_00000228ed097440;  1 drivers
v00000228ed036750_0 .net "E0", 0 0, o00000228ed047068;  0 drivers
v00000228ed036070_0 .net "E1", 0 0, o00000228ed047098;  0 drivers
v00000228ed0367f0_0 .net "ERR", 0 0, L_00000228ed097830;  1 drivers
o00000228ed0470f8 .functor BUFZ 4, C4<zzzz>; HiZ drive
v00000228ed036930_0 .net "P", 3 0, o00000228ed0470f8;  0 drivers
v00000228ed0369d0_0 .net *"_ivl_1", 0 0, L_00000228ed095670;  1 drivers
v00000228ed036a70_0 .net *"_ivl_10", 0 0, L_00000228ed03c370;  1 drivers
v00000228ed036b10_0 .net *"_ivl_15", 0 0, L_00000228ed094b30;  1 drivers
v00000228ed093f50_0 .net *"_ivl_16", 0 0, L_00000228ed03c060;  1 drivers
v00000228ed095990_0 .net *"_ivl_19", 0 0, L_00000228ed093ff0;  1 drivers
v00000228ed0944f0_0 .net *"_ivl_20", 0 0, L_00000228ed03c300;  1 drivers
v00000228ed094ef0_0 .net *"_ivl_22", 0 0, L_00000228ed03c5a0;  1 drivers
v00000228ed093eb0_0 .net *"_ivl_25", 0 0, L_00000228ed095350;  1 drivers
v00000228ed094e50_0 .net *"_ivl_26", 0 0, L_00000228ed03c0d0;  1 drivers
v00000228ed095a30_0 .net *"_ivl_29", 0 0, L_00000228ed093cd0;  1 drivers
v00000228ed0958f0_0 .net *"_ivl_3", 0 0, L_00000228ed094590;  1 drivers
v00000228ed094c70_0 .net *"_ivl_30", 0 0, L_00000228ed03c6f0;  1 drivers
v00000228ed095530_0 .net *"_ivl_32", 0 0, L_00000228ed03c1b0;  1 drivers
v00000228ed095710_0 .net *"_ivl_37", 0 0, L_00000228ed094d10;  1 drivers
v00000228ed095b70_0 .net *"_ivl_38", 0 0, L_00000228ed03c220;  1 drivers
v00000228ed094f90_0 .net *"_ivl_4", 0 0, L_00000228ed03c4c0;  1 drivers
v00000228ed094770_0 .net *"_ivl_40", 0 0, L_00000228ed03c290;  1 drivers
v00000228ed0952b0_0 .net *"_ivl_42", 0 0, L_00000228ed0979f0;  1 drivers
v00000228ed094810_0 .net *"_ivl_44", 0 0, L_00000228ed097ad0;  1 drivers
v00000228ed094630_0 .net *"_ivl_48", 0 0, L_00000228ed097520;  1 drivers
v00000228ed094450_0 .net *"_ivl_50", 0 0, L_00000228ed0973d0;  1 drivers
v00000228ed0948b0_0 .net *"_ivl_56", 0 0, L_00000228ed097a60;  1 drivers
v00000228ed0950d0_0 .net *"_ivl_58", 0 0, L_00000228ed097b40;  1 drivers
v00000228ed094bd0_0 .net *"_ivl_7", 0 0, L_00000228ed0941d0;  1 drivers
v00000228ed0955d0_0 .net *"_ivl_9", 0 0, L_00000228ed0957b0;  1 drivers
v00000228ed095030_0 .net "peso_gt_12", 0 0, L_00000228ed03c680;  1 drivers
v00000228ed094a90_0 .net "peso_le_12", 0 0, L_00000228ed03c140;  1 drivers
v00000228ed095210_0 .var "seg", 6 0;
E_00000228ed03b380 .event anyedge, v00000228ed036bb0_0, v00000228ed036390_0, v00000228ed0366b0_0;
L_00000228ed095670 .part o00000228ed0470f8, 3, 1;
L_00000228ed094590 .part o00000228ed0470f8, 2, 1;
L_00000228ed0941d0 .part o00000228ed0470f8, 1, 1;
L_00000228ed0957b0 .part o00000228ed0470f8, 0, 1;
L_00000228ed094b30 .part o00000228ed0470f8, 3, 1;
L_00000228ed093ff0 .part o00000228ed0470f8, 2, 1;
L_00000228ed095350 .part o00000228ed0470f8, 1, 1;
L_00000228ed093cd0 .part o00000228ed0470f8, 0, 1;
L_00000228ed094d10 .part o00000228ed0470f8, 3, 1;
    .scope S_00000228ed0127f0;
T_0 ;
    %wait E_00000228ed03b380;
    %load/vec4 v00000228ed036bb0_0;
    %flag_set/vec4 8;
    %jmp/0xz  T_0.0, 8;
    %pushi/vec4 48, 0, 7;
    %store/vec4 v00000228ed095210_0, 0, 7;
    %jmp T_0.1;
T_0.0 ;
    %load/vec4 v00000228ed036390_0;
    %flag_set/vec4 8;
    %jmp/0xz  T_0.2, 8;
    %pushi/vec4 109, 0, 7;
    %store/vec4 v00000228ed095210_0, 0, 7;
    %jmp T_0.3;
T_0.2 ;
    %load/vec4 v00000228ed0366b0_0;
    %flag_set/vec4 8;
    %jmp/0xz  T_0.4, 8;
    %pushi/vec4 121, 0, 7;
    %store/vec4 v00000228ed095210_0, 0, 7;
    %jmp T_0.5;
T_0.4 ;
    %pushi/vec4 79, 0, 7;
    %store/vec4 v00000228ed095210_0, 0, 7;
T_0.5 ;
T_0.3 ;
T_0.1 ;
    %jmp T_0;
    .thread T_0, $push;
# The file index is used to find the file name in the following table.
:file_names 3;
    "N/A";
    "<interactive>";
    "verilog.v";
